[debug] [2024-01-11T21:00:11.343Z] ----------------------------------------------------------------------
[debug] [2024-01-11T21:00:11.347Z] Command:       C:\Program Files\nodejs\node.exe C:\Users\Julia\AppData\Roaming\npm\node_modules\firebase-tools\lib\bin\firebase.js init
[debug] [2024-01-11T21:00:11.348Z] CLI Version:   13.0.3
[debug] [2024-01-11T21:00:11.349Z] Platform:      win32
[debug] [2024-01-11T21:00:11.350Z] Node Version:  v18.12.1
[debug] [2024-01-11T21:00:11.352Z] Time:          Thu Jan 11 2024 18:00:11 GMT-0300 (hora estándar de Argentina)
[debug] [2024-01-11T21:00:11.352Z] ----------------------------------------------------------------------
[debug] 
[debug] [2024-01-11T21:00:11.368Z] > command requires scopes: ["email","openid","https://www.googleapis.com/auth/cloudplatformprojects.readonly","https://www.googleapis.com/auth/firebase","https://www.googleapis.com/auth/cloud-platform"]
[debug] [2024-01-11T21:00:11.369Z] > authorizing via signed-in user (julianfelixbb@gmail.com)
[info] 
     ######## #### ########  ######## ########     ###     ######  ########
     ##        ##  ##     ## ##       ##     ##  ##   ##  ##       ##
     ######    ##  ########  ######   ########  #########  ######  ######
     ##        ##  ##    ##  ##       ##     ## ##     ##       ## ##
     ##       #### ##     ## ######## ########  ##     ##  ######  ########

You're about to initialize a Firebase project in this directory:

  E:\Estudio 2023\portfolioIdeas\secondattempt

[info] 
=== Project Setup
[info] 
[info] First, let's associate this project directory with a Firebase project.
[info] You can create multiple project aliases by running firebase use --add, 
[info] but for now we'll just set up a default project.
[info] 
[debug] [2024-01-11T21:00:27.718Z] >>> [apiv2][query] GET https://firebase.googleapis.com/v1beta1/projects pageSize=100
[debug] [2024-01-11T21:00:28.450Z] <<< [apiv2][status] GET https://firebase.googleapis.com/v1beta1/projects 200
[debug] [2024-01-11T21:00:28.451Z] <<< [apiv2][body] GET https://firebase.googleapis.com/v1beta1/projects [omitted]
[info] i  Using project portfolio-2024-b538f (portfolio-2024) 
[info] 
=== Hosting Setup
[debug] [2024-01-11T21:00:30.957Z] >>> [apiv2][query] GET https://firebase.googleapis.com/v1beta1/projects/portfolio-2024-b538f [none]
[debug] [2024-01-11T21:00:31.349Z] <<< [apiv2][status] GET https://firebase.googleapis.com/v1beta1/projects/portfolio-2024-b538f 200
[debug] [2024-01-11T21:00:31.349Z] <<< [apiv2][body] GET https://firebase.googleapis.com/v1beta1/projects/portfolio-2024-b538f {"projectId":"portfolio-2024-b538f","projectNumber":"765615469383","displayName":"portfolio-2024","name":"projects/portfolio-2024-b538f","resources":{"hostingSite":"portfolio-2024-b538f"},"state":"ACTIVE","etag":"1_859533d3-0618-42bc-a97c-3fefff4932f3"}
[info] 
[info] Your public directory is the folder (relative to your project directory) that
[info] will contain Hosting assets to be uploaded with firebase deploy. If you
[info] have a build process for your assets, use your build's output directory.
[info] 
[debug] [2024-01-11T21:03:06.348Z] >>> [apiv2][query] GET https://www.gstatic.com/firebasejs/releases.json [none]
[debug] [2024-01-11T21:03:06.466Z] <<< [apiv2][status] GET https://www.gstatic.com/firebasejs/releases.json 200
[debug] [2024-01-11T21:03:06.466Z] <<< [apiv2][body] GET https://www.gstatic.com/firebasejs/releases.json {"current":{"version":"10.7.1","browserURL":"https://www.gstatic.com/firebasejs/10.7.1/firebase.js","packageURL":"https://www.gstatic.com/firebasejs/10.7.1/firebase.tgz"},"live":{"version":"10.7","browserURL":"https://www.gstatic.com/firebasejs/live/10.7/firebase.js","packageURL":"https://www.gstatic.com/firebasejs/live/10.7/firebase.tgz"},"components":{"analytics":"https://www.gstatic.com/firebasejs/10.7.1/firebase-analytics.js","app":"https://www.gstatic.com/firebasejs/10.7.1/firebase-app.js","app-check":"https://www.gstatic.com/firebasejs/10.7.1/firebase-app-check.js","auth":"https://www.gstatic.com/firebasejs/10.7.1/firebase-auth.js","auth/cordova":"https://www.gstatic.com/firebasejs/10.7.1/firebase-auth/cordova.js","functions":"https://www.gstatic.com/firebasejs/10.7.1/firebase-functions.js","firestore":"https://www.gstatic.com/firebasejs/10.7.1/firebase-firestore.js","firestore/lite":"https://www.gstatic.com/firebasejs/10.7.1/firebase-firestore/lite.js","installations":"https://www.gstatic.com/firebasejs/10.7.1/firebase-installations.js","storage":"https://www.gstatic.com/firebasejs/10.7.1/firebase-storage.js","performance":"https://www.gstatic.com/firebasejs/10.7.1/firebase-performance.js","remote-config":"https://www.gstatic.com/firebasejs/10.7.1/firebase-remote-config.js","messaging":"https://www.gstatic.com/firebasejs/10.7.1/firebase-messaging.js","messaging/sw":"https://www.gstatic.com/firebasejs/10.7.1/firebase-messaging/sw.js","database":"https://www.gstatic.com/firebasejs/10.7.1/firebase-database.js","firestore.memory":"https://www.gstatic.com/firebasejs/10.7.1/firebase-firestore.memory.js"}}
[info] i  Skipping write of ./index.html 
[info] 
[info] i  Didn't detect a .git folder. Assuming E:\Estudio 2023\portfolioIdeas\secondattempt is the project root. 
[info] i  Authorizing with GitHub to upload your service account to a GitHub repository's secrets store. 
[info] 
[info] Visit this URL on this device to log in:
[info] https://github.com/login/oauth/authorize?client_id=89cf50f02ac6aaed3484&state=856184060&redirect_uri=http%3A%2F%2Flocalhost%3A9005&scope=read%3Auser%20repo%20public_repo
[info] 
[info] Waiting for authentication...
[debug] [2024-01-11T21:03:55.159Z] >>> [apiv2][query] POST https://github.com/login/oauth/access_token [none]
[debug] [2024-01-11T21:03:55.160Z] >>> [apiv2][body] POST https://github.com/login/oauth/access_token [stream]
[debug] [2024-01-11T21:03:55.569Z] <<< [apiv2][status] POST https://github.com/login/oauth/access_token 200
[debug] [2024-01-11T21:03:55.569Z] <<< [apiv2][body] POST https://github.com/login/oauth/access_token {"access_token":"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","token_type":"bearer","scope":"read:user,repo"}
[debug] [2024-01-11T21:03:55.581Z] >>> [apiv2][query] GET https://api.github.com/user [none]
[debug] [2024-01-11T21:03:55.966Z] <<< [apiv2][status] GET https://api.github.com/user 200
[debug] [2024-01-11T21:03:55.966Z] <<< [apiv2][body] GET https://api.github.com/user {"login":"lechuza2013","id":53792359,"node_id":"MDQ6VXNlcjUzNzkyMzU5","avatar_url":"https://avatars.githubusercontent.com/u/53792359?v=4","gravatar_id":"","url":"https://api.github.com/users/lechuza2013","html_url":"https://github.com/lechuza2013","followers_url":"https://api.github.com/users/lechuza2013/followers","following_url":"https://api.github.com/users/lechuza2013/following{/other_user}","gists_url":"https://api.github.com/users/lechuza2013/gists{/gist_id}","starred_url":"https://api.github.com/users/lechuza2013/starred{/owner}{/repo}","subscriptions_url":"https://api.github.com/users/lechuza2013/subscriptions","organizations_url":"https://api.github.com/users/lechuza2013/orgs","repos_url":"https://api.github.com/users/lechuza2013/repos","events_url":"https://api.github.com/users/lechuza2013/events{/privacy}","received_events_url":"https://api.github.com/users/lechuza2013/received_events","type":"User","site_admin":false,"name":"Axel Julián Suarez","company":null,"blog":"","location":"Chivilcoy, Buenos Aires, Argentina","email":null,"hireable":null,"bio":"Web Developer FullStack","twitter_username":null,"public_repos":18,"public_gists":0,"followers":4,"following":4,"created_at":"2019-08-05T17:47:56Z","updated_at":"2023-12-28T14:37:36Z","private_gists":1,"total_private_repos":3,"owned_private_repos":3,"disk_usage":4650,"collaborators":0,"two_factor_authentication":false,"plan":{"name":"free","space":976562499,"collaborators":0,"private_repos":10000}}
[info] 
[info] +  Success! Logged into GitHub as lechuza2013 
[info] 
